<?xml version="1.0" encoding="UTF-8"?>
<!-- Generated by org.testng.reporters.JUnitReportReporter -->
<testsuite hostname="LAPTOP-3OOOK5AL" failures="0" tests="2" name="Scripting.Test1" time="80.820" errors="0" timestamp="2023-02-24T19:47:31 IST" skipped="0">
  <testcase classname="Scripting.Test1" name="tc2" time="0.989"/>
  <system-out/>
  <testcase classname="Scripting.Test1" name="tc1" time="79.831"/>
  <system-out/>
</testsuite> <!-- Scripting.Test1 -->
